<?xml version="1.0" encoding="UTF-8"?>
<!-- Generated by org.testng.reporters.JUnitReportReporter -->
<testsuite hostname="DESKTOP-P6VRC5S" failures="0" tests="1" name="org.test.TestRunner" time="6.234" errors="0" timestamp="08 Dec 2021 10:36:25 GMT" skipped="0">
  <testcase classname="org.test.TestRunner" name="fire" time="6.234"/>
</testsuite> <!-- org.test.TestRunner -->
