<?xml version="1.0" encoding="UTF-8"?>
<!-- Generated by org.testng.reporters.JUnitReportReporter -->
<testsuite hostname="DESKTOP-P6VRC5S" failures="0" tests="1" name="org.test.Flipkart" time="0.689" errors="0" timestamp="08 Dec 2021 10:35:41 GMT" skipped="0">
  <testcase classname="org.test.Flipkart" name="login" time="0.689"/>
</testsuite> <!-- org.test.Flipkart -->
