<?xml version="1.0" encoding="UTF-8"?>
<!-- Generated by org.testng.reporters.JUnitReportReporter -->
<testsuite hostname="DESKTOP-P6VRC5S" failures="0" tests="2" name="org.test.Amazonn" time="7.523" errors="0" timestamp="08 Dec 2021 12:52:44 GMT" skipped="0">
  <testcase classname="org.test.Amazonn" name="search" time="7.238"/>
  <testcase classname="org.test.Amazonn" name="click" time="0.285"/>
</testsuite> <!-- org.test.Amazonn -->
